src/Components/ProfileComponents/OrderUserProfile.tsx(39,50): error TS2554: Expected 0 arguments, but got 1.
src/Components/ProfileComponents/OrderUserProfile.tsx(42,67): error TS2554: Expected 1 arguments, but got 2.
src/Components/ProfileComponents/OrderUserProfile.tsx(47,42): error TS2554: Expected 1 arguments, but got 2.
src/Components/ProfileComponents/OrderUserProfile.tsx(48,43): error TS2554: Expected 1 arguments, but got 2.
src/Components/ProfileComponents/OrderUserProfile.tsx(59,69): error TS2554: Expected 1 arguments, but got 2.
src/Components/ProfileComponents/OrderUserProfile.tsx(79,37): error TS2554: Expected 1 arguments, but got 2.
src/Components/ProfileComponents/OrderUserProfile.tsx(84,35): error TS2554: Expected 1 arguments, but got 2.
src/Components/ProfileComponents/ProfileUserDetails.tsx(22,44): error TS2554: Expected 0 arguments, but got 1.
src/Components/ProfileComponents/ProfileUserDetails.tsx(27,37): error TS2554: Expected 1 arguments, but got 2.
src/Components/ProfileComponents/ProfileUserDetails.tsx(28,38): error TS2554: Expected 1 arguments, but got 2.
src/Components/ProfileComponents/ProfileUserDetails.tsx(42,45): error TS2554: Expected 0 arguments, but got 1.
src/Components/ProfileComponents/ReqUserPostPart.tsx(18,45): error TS2554: Expected 0 arguments, but got 1.
src/hooks/useMessages.ts(129,19): error TS2554: Expected 2 arguments, but got 1.
src/Pages/Account/EditAccountPage.tsx(50,54): error TS2554: Expected 0 arguments, but got 1.
src/Pages/Account/EditAccountPage.tsx(156,50): error TS2554: Expected 0 arguments, but got 1.
src/Pages/Notification/NotificationPage.tsx(83,71): error TS2554: Expected 1 arguments, but got 2.
src/Pages/Notification/NotificationPage.tsx(135,55): error TS2554: Expected 1 arguments, but got 2.
src/Pages/Notification/NotificationPage.tsx(147,46): error TS2554: Expected 0 arguments, but got 1.
src/Pages/Notification/NotificationPage.tsx(190,59): error TS2554: Expected 1 arguments, but got 2.
src/Pages/Notification/NotificationPage.tsx(197,54): error TS2554: Expected 1 arguments, but got 2.
